Arguments: 
  C:\Program Files\nodejs\node.exe C:\Program Files\Yarn\bin\yarn.js start

PATH: 
  C:\ProgramData\Oracle\Java\javapath;C:\Program Files\AMD APP\bin\x86;C:\Windows\system32;C:\Windows;C:\Windows\System32\Wbem;C:\Windows\System32\WindowsPowerShell\v1.0\;C:\Program Files\ATI Technologies\ATI.ACE\Core-Static;C:\Windows\system32\config\systemprofile\.dnx\bin;C:\Program Files\Microsoft DNX\Dnvm\;C:\Program Files\dotnet\;C:\Program Files\Java\jdk1.8.0_152\bin;C:\Program Files\Android\android-sdk\tools;C:\Program Files\Android\android-sdk\platform-tools;C:\apache-maven-3.5.2\bin;C:\Program Files\nodejs\;C:\Program Files\Yarn\bin;C:\Program Files\MySQL\MySQL Utilities 1.6\;C:\Program Files\Git\cmd;;C:\Program Files\Microsoft VS Code\bin;C:\Users\LUAN\AppData\Roaming\npm;C:\Users\LUAN\AppData\Local\Yarn\bin;C:\Program Files\Heroku\bin

Yarn version: 
  1.3.2

Node version: 
  8.9.4

Platform: 
  win32 ia32

npm manifest: 
  /*{
    "name": "clinica-sorrisus",
    "version": "0.0.0",
    "license": "MIT",
    "scripts": {
      "ng": "ng",
      "start": "node server.js",
      "build": "ng build --prod",
      "test": "ng test",
      "lint": "ng lint",
      "e2e": "ng e2e",
      "postinstall": "ng build --aot --prod -vc=true" 
    },
    "private": true,
    "dependencies": {
      "typescript": "~2.5.3",
      "@angular/cli": "1.6.6",
      "@angular/compiler-cli": "^5.2.0",
      "@angular/animations": "^5.2.5",
      "@angular/cdk": "^5.2.1",
      "@angular/common": "^5.2.0",
      "@angular/compiler": "^5.2.0",
      "@angular/core": "^5.2.0",
      "@angular/forms": "^5.2.0",
      "@angular/http": "^5.2.0",
      "@angular/material": "^5.2.1",
      "@angular/platform-browser": "^5.2.0",
      "@angular/platform-browser-dynamic": "^5.2.0",
      "@angular/router": "^5.2.0",
      "angular-font-awesome": "^3.1.2",
      "bootstrap": "^4.0.0-beta.3",
      "core-js": "^2.4.1",
      "font-awesome": "^4.7.0",
      "hammerjs": "^2.0.8",
      "rxjs": "^5.5.6",
      "zone.js": "^0.8.19"
    },
    "devDependencies": {
      "@angular/language-service": "^5.2.0",
      "@types/jasmine": "~2.8.3",
      "@types/jasminewd2": "~2.0.2",
      "@types/node": "~6.0.60",
      "codelyzer": "^4.0.1",
      "jasmine-core": "~2.8.0",
      "jasmine-spec-reporter": "~4.2.1",
      "karma": "~2.0.0",
      "karma-chrome-launcher": "~2.2.0",
      "karma-coverage-istanbul-reporter": "^1.2.1",
      "karma-jasmine": "~1.1.0",
      "karma-jasmine-html-reporter": "^0.2.2",
      "protractor": "~5.1.2",
      "ts-node": "~4.1.0",
      "tslint": "~5.9.1"
    },
    "engines": {
      "node": "8.9.4",
      "yarn":"1.3.2",
      "npm":"5.6.0"
    }
  }*/
  {
    "name": "clinica-sorrisus",
    "version": "0.0.0",
    "license": "MIT",
    "scripts": {
      "ng": "ng",
      "start": "ng serve",
      "build": "ng build --prod",
      "test": "ng test",
      "lint": "ng lint",
      "e2e": "ng e2e"
    },
    "private": true,
    "dependencies": {
      "@angular/animations": "^5.2.5",
      "@angular/cdk": "^5.2.1",
      "@angular/common": "^5.2.0",
      "@angular/compiler": "^5.2.0",
      "@angular/core": "^5.2.0",
      "@angular/forms": "^5.2.0",
      "@angular/http": "^5.2.0",
      "@angular/material": "^5.2.1",
      "@angular/platform-browser": "^5.2.0",
      "@angular/platform-browser-dynamic": "^5.2.0",
      "@angular/router": "^5.2.0",
      "angular-font-awesome": "^3.1.2",
      "bootstrap": "^4.0.0-beta.3",
      "core-js": "^2.4.1",
      "font-awesome": "^4.7.0",
      "hammerjs": "^2.0.8",
      "rxjs": "^5.5.6",
      "zone.js": "^0.8.19"
    },
    "devDependencies": {
      "@angular/cli": "1.6.6",
      "@angular/compiler-cli": "^5.2.0",
      "@angular/language-service": "^5.2.0",
      "@types/jasmine": "~2.8.3",
      "@types/jasminewd2": "~2.0.2",
      "@types/node": "~6.0.60",
      "codelyzer": "^4.0.1",
      "jasmine-core": "~2.8.0",
      "jasmine-spec-reporter": "~4.2.1",
      "karma": "~2.0.0",
      "karma-chrome-launcher": "~2.2.0",
      "karma-coverage-istanbul-reporter": "^1.2.1",
      "karma-jasmine": "~1.1.0",
      "karma-jasmine-html-reporter": "^0.2.2",
      "protractor": "~5.1.2",
      "ts-node": "~4.1.0",
      "tslint": "~5.9.1",
      "typescript": "~2.5.3"
    }
  }

yarn manifest: 
  No manifest

Lockfile: 
  No lockfile

Trace: 
  SyntaxError: C:\Users\LUAN\Desktop\clinica-sorrisus\package.json: Unexpected token / in JSON at position 0
      at JSON.parse (<anonymous>)
      at C:\Program Files\Yarn\lib\cli.js:770:59
      at Generator.next (<anonymous>)
      at step (C:\Program Files\Yarn\lib\cli.js:92:30)
      at C:\Program Files\Yarn\lib\cli.js:103:13
      at <anonymous>
